2023-03-02 08:32:10.649 [info] Extension host with pid 730624 started
2023-03-02 08:32:10.682 [info] Lock '/mnt/data10t/bakuphome20210617/lzf/.vscode-server/data/User/workspaceStorage/a372cb1d738b5e93366b864d14bf6f2f/vscode.lock': Lock acquired.
2023-03-02 08:32:10.734 [info] ExtensionService#_doActivateExtension vscode.git-base, startup: true, activationEvent: '*'
2023-03-02 08:32:10.828 [info] ExtensionService#_doActivateExtension vscode.github, startup: true, activationEvent: '*'
2023-03-02 08:32:10.943 [info] ExtensionService#_doActivateExtension vscode.debug-auto-launch, startup: false, activationEvent: 'onStartupFinished'
2023-03-02 08:32:10.944 [info] ExtensionService#_doActivateExtension vscode.emmet, startup: false, activationEvent: 'onStartupFinished'
2023-03-02 08:32:10.944 [info] ExtensionService#_doActivateExtension vscode.merge-conflict, startup: false, activationEvent: 'onStartupFinished'
2023-03-02 08:32:10.944 [info] Eager extensions activated
2023-03-02 08:32:12.159 [info] ExtensionService#_doActivateExtension vscode.git, startup: false, activationEvent: 'api', root cause: vscode.github
2023-03-02 09:02:27.325 [warning] [Decorations] CAPPING events from decorations provider vscode.git 1829
2023-03-02 09:02:27.678 [warning] [Decorations] CAPPING events from decorations provider vscode.git 1829
2023-03-02 09:02:29.760 [warning] [Decorations] CAPPING events from decorations provider vscode.git 1829
2023-03-02 09:02:34.851 [warning] [Decorations] CAPPING events from decorations provider vscode.git 1829
2023-03-02 09:02:39.948 [warning] [Decorations] CAPPING events from decorations provider vscode.git 1829
2023-03-02 09:02:45.045 [warning] [Decorations] CAPPING events from decorations provider vscode.git 1829
2023-03-02 09:02:46.061 [warning] Using default string since no string found in i18n bundle that has the key: Are you sure you want to DELETE {0} files?
This is IRREVERSIBLE!
These files will be FOREVER LOST if you proceed.
2023-03-02 09:02:51.141 [warning] [Decorations] CAPPING events from decorations provider vscode.git 1829
2023-03-02 09:02:56.213 [warning] [Decorations] CAPPING events from decorations provider vscode.git 1828
2023-03-02 09:03:01.289 [warning] [Decorations] CAPPING events from decorations provider vscode.git 1828
2023-03-02 09:03:06.360 [warning] [Decorations] CAPPING events from decorations provider vscode.git 1828
2023-03-02 09:03:11.788 [warning] [Decorations] CAPPING events from decorations provider vscode.git 1828
2023-03-02 09:03:13.532 [warning] [Decorations] CAPPING events from decorations provider vscode.git 1828
2023-03-02 09:03:16.856 [warning] [Decorations] CAPPING events from decorations provider vscode.git 1828
2023-03-02 09:03:21.919 [warning] [Decorations] CAPPING events from decorations provider vscode.git 1828
2023-03-02 09:03:26.107 [warning] Using default string since no string found in i18n bundle that has the key: There are no staged changes to commit.

Would you like to stage all your changes and commit them directly?
2023-03-02 09:03:27.626 [warning] [Decorations] CAPPING events from decorations provider vscode.git 1828
